___________________________________________________________

CALL TO Mark&Sweep

Before Sweep:

(Addresses):
0x853810	0x8537d0	0x853790	0x853750	0x853710	0x8536d0	0x853690	0x853650	0x853610	0x8535d0	0x853590	0x853550	0x853510	0x8534d0	0x853490	0x853450	0x853410	0x8533d0	0x853390	0x853350	0x853310	0x8532d0	0x853050	0x853010	

Num addresses in memlist (Before Sweep): 24



After Sweep

{Addresses):
0x853810	0x8537d0	0x853790	0x853750	0x853710	0x8536d0	0x853690	0x853590	0x853550	0x853510	0x8534d0	0x853490	0x853450	0x853410	0x8533d0	0x853390	0x853350	0x853310	0x8532d0	0x853050	0x853010	

Num addresses in memlist (After Sweep): 21



___________________________________________________________

CALL TO Mark&Sweep

Before Sweep:

(Addresses):
0x853810	0x8537d0	0x853790	0x853750	0x853710	0x8536d0	0x853690	0x853590	0x853550	0x853510	0x8534d0	0x853490	0x853450	0x853410	0x8533d0	0x853390	0x853350	0x853310	0x8532d0	0x853050	0x853010	

Num addresses in memlist (Before Sweep): 21



After Sweep

{Addresses):
0x853810	0x8537d0	0x853790	0x853750	0x853710	0x8536d0	0x853690	0x853590	0x853550	0x853510	0x8534d0	0x853490	0x853450	0x853410	0x8533d0	0x853390	0x853350	0x853310	0x8532d0	0x853050	0x853010	

Num addresses in memlist (After Sweep): 21



